2020-04-02 14:29:40.008 [main] INFO  com.demo.App - Starting App on MacX08.local with PID 94753 (/Users/ligeit/Desktop/workspace/temp/target/classes started by ligeit in /Users/ligeit/Desktop/workspace/temp)
2020-04-02 14:29:40.011 [main] INFO  com.demo.App - The following profiles are active: dev
2020-04-02 14:29:40.854 [main] INFO  o.s.d.r.config.RepositoryConfigurationDelegate - Bootstrapping Spring Data repositories in DEFAULT mode.
2020-04-02 14:29:40.929 [main] INFO  o.s.d.r.config.RepositoryConfigurationDelegate - Finished Spring Data repository scanning in 65ms. Found 1 repository interfaces.
2020-04-02 14:29:41.399 [main] INFO  o.s.c.s.PostProcessorRegistrationDelegate$BeanPostProcessorChecker - Bean 'org.springframework.transaction.annotation.ProxyTransactionManagementConfiguration' of type [org.springframework.transaction.annotation.ProxyTransactionManagementConfiguration$$EnhancerBySpringCGLIB$$c258bb12] is not eligible for getting processed by all BeanPostProcessors (for example: not eligible for auto-proxying)
2020-04-02 14:29:41.775 [main] INFO  o.s.boot.web.embedded.tomcat.TomcatWebServer - Tomcat initialized with port(s): 6001 (http)
2020-04-02 14:29:41.794 [main] INFO  org.apache.coyote.http11.Http11NioProtocol - Initializing ProtocolHandler ["http-nio-6001"]
2020-04-02 14:29:41.806 [main] INFO  org.apache.catalina.core.StandardService - Starting service [Tomcat]
2020-04-02 14:29:41.806 [main] INFO  org.apache.catalina.core.StandardEngine - Starting Servlet engine: [Apache Tomcat/9.0.17]
2020-04-02 14:29:41.925 [main] INFO  o.a.c.core.ContainerBase.[Tomcat].[localhost].[/] - Initializing Spring embedded WebApplicationContext
2020-04-02 14:29:41.925 [main] INFO  org.springframework.web.context.ContextLoader - Root WebApplicationContext: initialization completed in 1770 ms
2020-04-02 14:29:42.134 [main] INFO  com.zaxxer.hikari.HikariDataSource - HikariPool-1 - Starting...
2020-04-02 14:29:42.138 [main] WARN  com.zaxxer.hikari.util.DriverDataSource - Registered driver with driverClassName=com.mysql.jdbc.Driver was not found, trying direct instantiation.
2020-04-02 14:29:42.353 [main] INFO  com.zaxxer.hikari.HikariDataSource - HikariPool-1 - Start completed.
2020-04-02 14:29:42.419 [main] INFO  org.hibernate.jpa.internal.util.LogHelper - HHH000204: Processing PersistenceUnitInfo [
	name: default
	...]
2020-04-02 14:29:42.499 [main] INFO  org.hibernate.Version - HHH000412: Hibernate Core {5.3.9.Final}
2020-04-02 14:29:42.501 [main] INFO  org.hibernate.cfg.Environment - HHH000206: hibernate.properties not found
2020-04-02 14:29:42.660 [main] INFO  org.hibernate.annotations.common.Version - HCANN000001: Hibernate Commons Annotations {5.0.4.Final}
2020-04-02 14:29:42.817 [main] INFO  org.hibernate.dialect.Dialect - HHH000400: Using dialect: org.hibernate.dialect.MySQL5Dialect
2020-04-02 14:29:43.464 [main] INFO  o.s.orm.jpa.LocalContainerEntityManagerFactoryBean - Initialized JPA EntityManagerFactory for persistence unit 'default'
2020-04-02 14:29:44.843 [main] INFO  o.s.scheduling.concurrent.ThreadPoolTaskExecutor - Initializing ExecutorService 'applicationTaskExecutor'
2020-04-02 14:29:45.263 [main] INFO  org.apache.coyote.http11.Http11NioProtocol - Starting ProtocolHandler ["http-nio-6001"]
2020-04-02 14:29:45.310 [main] INFO  o.s.boot.web.embedded.tomcat.TomcatWebServer - Tomcat started on port(s): 6001 (http) with context path ''
2020-04-02 14:29:45.313 [main] INFO  com.demo.App - Started App in 6.221 seconds (JVM running for 7.031)
2020-04-02 14:30:14.222 [http-nio-6001-exec-1] INFO  o.a.c.core.ContainerBase.[Tomcat].[localhost].[/] - Initializing Spring DispatcherServlet 'dispatcherServlet'
2020-04-02 14:30:14.222 [http-nio-6001-exec-1] INFO  org.springframework.web.servlet.DispatcherServlet - Initializing Servlet 'dispatcherServlet'
2020-04-02 14:30:14.238 [http-nio-6001-exec-1] INFO  org.springframework.web.servlet.DispatcherServlet - Completed initialization in 15 ms
2020-04-02 14:30:14.287 [http-nio-6001-exec-1] INFO  com.demo.controller.HelloController - 访问了index方法
2020-04-02 14:30:14.288 [http-nio-6001-exec-1] ERROR com.demo.controller.HelloController - 记录了error错误日志
2020-04-02 14:31:33.651 [http-nio-6001-exec-4] INFO  com.demo.controller.HelloController - 访问了index方法
2020-04-02 14:31:33.651 [http-nio-6001-exec-4] ERROR com.demo.controller.HelloController - 记录了error错误日志
2020-04-02 14:32:03.512 [Thread-3] INFO  o.s.scheduling.concurrent.ThreadPoolTaskExecutor - Shutting down ExecutorService 'applicationTaskExecutor'
2020-04-02 14:32:03.513 [Thread-3] INFO  o.s.orm.jpa.LocalContainerEntityManagerFactoryBean - Closing JPA EntityManagerFactory for persistence unit 'default'
2020-04-02 14:32:03.515 [Thread-3] INFO  com.zaxxer.hikari.HikariDataSource - HikariPool-1 - Shutdown initiated...
2020-04-02 14:32:03.518 [Thread-3] INFO  com.zaxxer.hikari.HikariDataSource - HikariPool-1 - Shutdown completed.
2020-04-02 14:32:10.284 [main] INFO  com.demo.App - Starting App on MacX08.local with PID 95217 (/Users/ligeit/Desktop/workspace/temp/target/classes started by ligeit in /Users/ligeit/Desktop/workspace/temp)
2020-04-02 14:32:10.287 [main] INFO  com.demo.App - The following profiles are active: dev
2020-04-02 14:32:11.734 [main] INFO  o.s.d.r.config.RepositoryConfigurationDelegate - Bootstrapping Spring Data repositories in DEFAULT mode.
2020-04-02 14:32:11.853 [main] INFO  o.s.d.r.config.RepositoryConfigurationDelegate - Finished Spring Data repository scanning in 106ms. Found 1 repository interfaces.
2020-04-02 14:32:12.412 [main] INFO  o.s.c.s.PostProcessorRegistrationDelegate$BeanPostProcessorChecker - Bean 'org.springframework.transaction.annotation.ProxyTransactionManagementConfiguration' of type [org.springframework.transaction.annotation.ProxyTransactionManagementConfiguration$$EnhancerBySpringCGLIB$$a2f57f97] is not eligible for getting processed by all BeanPostProcessors (for example: not eligible for auto-proxying)
2020-04-02 14:32:12.898 [main] INFO  o.s.boot.web.embedded.tomcat.TomcatWebServer - Tomcat initialized with port(s): 6001 (http)
2020-04-02 14:32:12.923 [main] INFO  org.apache.coyote.http11.Http11NioProtocol - Initializing ProtocolHandler ["http-nio-6001"]
2020-04-02 14:32:12.938 [main] INFO  org.apache.catalina.core.StandardService - Starting service [Tomcat]
2020-04-02 14:32:12.939 [main] INFO  org.apache.catalina.core.StandardEngine - Starting Servlet engine: [Apache Tomcat/9.0.17]
2020-04-02 14:32:13.098 [main] INFO  o.a.c.core.ContainerBase.[Tomcat].[localhost].[/] - Initializing Spring embedded WebApplicationContext
2020-04-02 14:32:13.112 [main] INFO  org.springframework.web.context.ContextLoader - Root WebApplicationContext: initialization completed in 2687 ms
2020-04-02 14:32:13.359 [main] INFO  com.zaxxer.hikari.HikariDataSource - HikariPool-1 - Starting...
2020-04-02 14:32:13.364 [main] WARN  com.zaxxer.hikari.util.DriverDataSource - Registered driver with driverClassName=com.mysql.jdbc.Driver was not found, trying direct instantiation.
2020-04-02 14:32:13.557 [main] INFO  com.zaxxer.hikari.HikariDataSource - HikariPool-1 - Start completed.
2020-04-02 14:32:13.646 [main] INFO  org.hibernate.jpa.internal.util.LogHelper - HHH000204: Processing PersistenceUnitInfo [
	name: default
	...]
2020-04-02 14:32:13.750 [main] INFO  org.hibernate.Version - HHH000412: Hibernate Core {5.3.9.Final}
2020-04-02 14:32:13.754 [main] INFO  org.hibernate.cfg.Environment - HHH000206: hibernate.properties not found
2020-04-02 14:32:13.974 [main] INFO  org.hibernate.annotations.common.Version - HCANN000001: Hibernate Commons Annotations {5.0.4.Final}
2020-04-02 14:32:14.168 [main] INFO  org.hibernate.dialect.Dialect - HHH000400: Using dialect: org.hibernate.dialect.MySQL5Dialect
2020-04-02 14:32:15.092 [main] INFO  o.s.orm.jpa.LocalContainerEntityManagerFactoryBean - Initialized JPA EntityManagerFactory for persistence unit 'default'
2020-04-02 14:32:16.921 [main] INFO  o.s.scheduling.concurrent.ThreadPoolTaskExecutor - Initializing ExecutorService 'applicationTaskExecutor'
2020-04-02 14:32:17.332 [main] INFO  org.apache.coyote.http11.Http11NioProtocol - Starting ProtocolHandler ["http-nio-6001"]
2020-04-02 14:32:17.377 [main] INFO  o.s.boot.web.embedded.tomcat.TomcatWebServer - Tomcat started on port(s): 6001 (http) with context path ''
2020-04-02 14:32:17.379 [main] INFO  com.demo.App - Started App in 8.03 seconds (JVM running for 8.916)
2020-04-02 14:32:25.252 [http-nio-6001-exec-1] INFO  o.a.c.core.ContainerBase.[Tomcat].[localhost].[/] - Initializing Spring DispatcherServlet 'dispatcherServlet'
2020-04-02 14:32:25.252 [http-nio-6001-exec-1] INFO  org.springframework.web.servlet.DispatcherServlet - Initializing Servlet 'dispatcherServlet'
2020-04-02 14:32:25.259 [http-nio-6001-exec-1] INFO  org.springframework.web.servlet.DispatcherServlet - Completed initialization in 7 ms
2020-04-02 14:32:25.293 [http-nio-6001-exec-1] INFO  com.demo.controller.HelloController - 访问了hello方法
2020-04-02 14:32:25.294 [http-nio-6001-exec-1] ERROR com.demo.controller.HelloController - 记录了error错误日志
2020-04-02 14:34:59.703 [Thread-3] INFO  o.s.scheduling.concurrent.ThreadPoolTaskExecutor - Shutting down ExecutorService 'applicationTaskExecutor'
2020-04-02 14:34:59.705 [Thread-3] INFO  o.s.orm.jpa.LocalContainerEntityManagerFactoryBean - Closing JPA EntityManagerFactory for persistence unit 'default'
2020-04-02 14:34:59.708 [Thread-3] INFO  com.zaxxer.hikari.HikariDataSource - HikariPool-1 - Shutdown initiated...
2020-04-02 14:34:59.718 [Thread-3] INFO  com.zaxxer.hikari.HikariDataSource - HikariPool-1 - Shutdown completed.
2020-04-02 14:35:02.770 [main] INFO  com.demo.App - Starting App on MacX08.local with PID 95741 (/Users/ligeit/Desktop/workspace/temp/target/classes started by ligeit in /Users/ligeit/Desktop/workspace/temp)
2020-04-02 14:35:02.772 [main] INFO  com.demo.App - The following profiles are active: dev
2020-04-02 14:35:04.248 [main] INFO  o.s.d.r.config.RepositoryConfigurationDelegate - Bootstrapping Spring Data repositories in DEFAULT mode.
2020-04-02 14:35:04.372 [main] INFO  o.s.d.r.config.RepositoryConfigurationDelegate - Finished Spring Data repository scanning in 112ms. Found 1 repository interfaces.
2020-04-02 14:35:04.968 [main] INFO  o.s.c.s.PostProcessorRegistrationDelegate$BeanPostProcessorChecker - Bean 'org.springframework.transaction.annotation.ProxyTransactionManagementConfiguration' of type [org.springframework.transaction.annotation.ProxyTransactionManagementConfiguration$$EnhancerBySpringCGLIB$$f7a744b7] is not eligible for getting processed by all BeanPostProcessors (for example: not eligible for auto-proxying)
2020-04-02 14:35:05.384 [main] INFO  o.s.boot.web.embedded.tomcat.TomcatWebServer - Tomcat initialized with port(s): 6001 (http)
2020-04-02 14:35:05.402 [main] INFO  org.apache.coyote.http11.Http11NioProtocol - Initializing ProtocolHandler ["http-nio-6001"]
2020-04-02 14:35:05.412 [main] INFO  org.apache.catalina.core.StandardService - Starting service [Tomcat]
2020-04-02 14:35:05.413 [main] INFO  org.apache.catalina.core.StandardEngine - Starting Servlet engine: [Apache Tomcat/9.0.17]
2020-04-02 14:35:05.535 [main] INFO  o.a.c.core.ContainerBase.[Tomcat].[localhost].[/] - Initializing Spring embedded WebApplicationContext
2020-04-02 14:35:05.535 [main] INFO  org.springframework.web.context.ContextLoader - Root WebApplicationContext: initialization completed in 2615 ms
2020-04-02 14:35:05.753 [main] INFO  com.zaxxer.hikari.HikariDataSource - HikariPool-1 - Starting...
2020-04-02 14:35:05.758 [main] WARN  com.zaxxer.hikari.util.DriverDataSource - Registered driver with driverClassName=com.mysql.jdbc.Driver was not found, trying direct instantiation.
2020-04-02 14:35:05.978 [main] INFO  com.zaxxer.hikari.HikariDataSource - HikariPool-1 - Start completed.
2020-04-02 14:35:06.047 [main] INFO  org.hibernate.jpa.internal.util.LogHelper - HHH000204: Processing PersistenceUnitInfo [
	name: default
	...]
2020-04-02 14:35:06.133 [main] INFO  org.hibernate.Version - HHH000412: Hibernate Core {5.3.9.Final}
2020-04-02 14:35:06.135 [main] INFO  org.hibernate.cfg.Environment - HHH000206: hibernate.properties not found
2020-04-02 14:35:06.308 [main] INFO  org.hibernate.annotations.common.Version - HCANN000001: Hibernate Commons Annotations {5.0.4.Final}
2020-04-02 14:35:06.467 [main] INFO  org.hibernate.dialect.Dialect - HHH000400: Using dialect: org.hibernate.dialect.MySQL5Dialect
2020-04-02 14:35:07.265 [main] INFO  o.s.orm.jpa.LocalContainerEntityManagerFactoryBean - Initialized JPA EntityManagerFactory for persistence unit 'default'
2020-04-02 14:35:08.703 [main] INFO  o.s.scheduling.concurrent.ThreadPoolTaskExecutor - Initializing ExecutorService 'applicationTaskExecutor'
2020-04-02 14:35:09.140 [main] INFO  org.apache.coyote.http11.Http11NioProtocol - Starting ProtocolHandler ["http-nio-6001"]
2020-04-02 14:35:09.209 [main] INFO  o.s.boot.web.embedded.tomcat.TomcatWebServer - Tomcat started on port(s): 6001 (http) with context path ''
2020-04-02 14:35:09.212 [main] INFO  com.demo.App - Started App in 7.203 seconds (JVM running for 8.051)
2020-04-02 14:35:23.723 [http-nio-6001-exec-1] INFO  o.a.c.core.ContainerBase.[Tomcat].[localhost].[/] - Initializing Spring DispatcherServlet 'dispatcherServlet'
2020-04-02 14:35:23.727 [http-nio-6001-exec-1] INFO  org.springframework.web.servlet.DispatcherServlet - Initializing Servlet 'dispatcherServlet'
2020-04-02 14:35:23.734 [http-nio-6001-exec-1] INFO  org.springframework.web.servlet.DispatcherServlet - Completed initialization in 7 ms
